SF:lib/common/exception.dart
DA:6,4
LF:1
LH:1
end_of_record
SF:lib/data/datasources/movie_local_data_source.dart
DA:15,1
DA:17,1
DA:20,2
DA:23,2
DA:27,1
DA:30,2
DA:33,2
DA:37,1
DA:39,2
DA:41,1
DA:47,1
DA:49,2
DA:50,4
LF:13
LH:13
end_of_record
SF:lib/data/models/movie_table.dart
DA:11,2
DA:18,2
DA:19,1
DA:20,1
DA:21,1
DA:22,1
DA:25,2
DA:26,1
DA:27,1
DA:28,1
DA:29,1
DA:32,0
DA:33,0
DA:34,0
DA:35,0
DA:36,0
DA:39,2
DA:40,1
DA:41,1
DA:42,1
DA:43,1
DA:46,2
DA:47,10
LF:23
LH:18
end_of_record
SF:lib/domain/entities/genre.dart
DA:4,6
DA:12,1
DA:13,3
LF:3
LH:3
end_of_record
SF:lib/domain/entities/movie.dart
DA:4,12
DA:20,2
DA:41,2
DA:42,2
DA:43,2
DA:44,2
DA:45,2
DA:46,2
DA:47,2
DA:48,2
DA:49,2
DA:50,2
DA:51,2
DA:52,2
DA:53,2
DA:54,2
DA:55,2
LF:17
LH:17
end_of_record
SF:lib/domain/entities/movie_detail.dart
DA:5,6
DA:33,1
DA:34,1
DA:35,1
DA:36,1
DA:37,1
DA:38,1
DA:39,1
DA:40,1
DA:41,1
DA:42,1
DA:43,1
DA:44,1
DA:45,1
LF:14
LH:14
end_of_record
SF:lib/common/failure.dart
DA:6,15
DA:8,2
DA:9,4
DA:13,26
DA:17,4
DA:21,12
LF:6
LH:6
end_of_record
SF:lib/data/datasources/db/database_helper.dart
DA:10,0
DA:14,0
DA:18,0
DA:20,0
DA:28,0
DA:29,0
DA:30,0
DA:32,0
DA:36,0
DA:37,0
DA:45,0
DA:55,0
DA:56,0
DA:57,0
DA:60,0
DA:61,0
DA:62,0
DA:65,0
DA:66,0
DA:67,0
DA:70,0
DA:74,0
DA:75,0
DA:76,0
DA:79,0
DA:83,0
DA:84,0
DA:85,0
DA:88,0
DA:91,0
DA:92,0
DA:98,0
DA:99,0
DA:100,0
DA:103,0
DA:106,0
DA:107,0
DA:113,0
DA:114,0
DA:115,0
DA:120,0
DA:121,0
DA:122,0
LF:43
LH:0
end_of_record
SF:lib/data/datasources/movie_remote_data_source.dart
DA:24,1
DA:26,1
DA:29,3
DA:31,2
DA:32,4
DA:34,1
DA:38,1
DA:41,4
DA:43,2
DA:44,3
DA:46,1
DA:50,1
DA:52,1
DA:53,3
DA:55,2
DA:56,4
DA:58,1
DA:62,1
DA:65,3
DA:67,2
DA:68,4
DA:70,1
DA:74,1
DA:77,3
DA:79,2
DA:80,4
DA:82,1
DA:86,1
DA:88,1
DA:89,3
DA:91,2
DA:92,4
DA:94,1
LF:33
LH:33
end_of_record
SF:lib/data/datasources/tv_series_local_data_source.dart
DA:17,1
DA:19,1
DA:22,2
DA:25,2
DA:29,1
DA:32,2
DA:35,2
DA:39,1
DA:41,2
DA:43,1
DA:49,1
DA:51,2
DA:52,4
LF:13
LH:13
end_of_record
SF:lib/data/datasources/tv_series_remote_data_source.dart
DA:23,1
DA:25,1
DA:27,3
DA:29,2
DA:30,4
DA:32,1
DA:36,1
DA:38,3
DA:40,2
DA:41,4
DA:43,1
DA:47,1
DA:49,3
DA:50,2
DA:51,4
DA:53,1
DA:57,1
DA:59,4
DA:60,2
DA:61,3
DA:63,1
DA:67,1
DA:69,4
DA:70,2
DA:71,4
DA:73,1
DA:77,1
DA:79,4
DA:80,2
DA:81,4
DA:83,1
LF:31
LH:31
end_of_record
SF:lib/data/models/movie_detail_model.dart
DA:6,2
DA:52,1
DA:53,1
DA:54,1
DA:55,1
DA:56,1
DA:57,1
DA:58,4
DA:59,1
DA:60,1
DA:61,1
DA:62,1
DA:63,1
DA:64,1
DA:65,2
DA:66,1
DA:67,1
DA:68,1
DA:69,1
DA:70,1
DA:71,1
DA:72,1
DA:73,1
DA:74,2
DA:75,1
DA:78,0
DA:79,0
DA:80,0
DA:81,0
DA:82,0
DA:83,0
DA:84,0
DA:85,0
DA:86,0
DA:87,0
DA:88,0
DA:89,0
DA:90,0
DA:91,0
DA:92,0
DA:93,0
DA:94,0
DA:95,0
DA:96,0
DA:97,0
DA:98,0
DA:99,0
DA:102,1
DA:103,1
DA:104,1
DA:105,1
DA:106,5
DA:107,1
DA:108,1
DA:109,1
DA:110,1
DA:111,1
DA:112,1
DA:113,1
DA:114,1
DA:115,1
DA:119,1
DA:120,1
DA:121,1
DA:122,1
DA:123,1
DA:124,1
DA:125,1
DA:126,1
DA:127,1
DA:128,1
DA:129,1
DA:130,1
DA:131,1
DA:132,1
DA:133,1
DA:134,1
DA:135,1
DA:136,1
DA:137,1
DA:138,1
DA:139,1
DA:140,1
DA:141,1
LF:84
LH:62
end_of_record
SF:lib/data/models/movie_model.dart
DA:5,4
DA:35,4
DA:36,2
DA:37,2
DA:38,8
DA:39,2
DA:40,2
DA:41,2
DA:42,4
DA:43,2
DA:44,2
DA:45,2
DA:46,2
DA:47,4
DA:48,2
DA:51,2
DA:52,1
DA:53,1
DA:54,4
DA:55,1
DA:56,1
DA:57,1
DA:58,1
DA:59,1
DA:60,1
DA:61,1
DA:62,1
DA:63,1
DA:64,1
DA:67,2
DA:68,2
DA:69,2
DA:70,2
DA:71,2
DA:72,2
DA:73,2
DA:74,2
DA:75,2
DA:76,2
DA:77,2
DA:78,2
DA:79,2
DA:80,2
DA:81,2
DA:85,2
DA:86,2
DA:87,2
DA:88,2
DA:89,2
DA:90,2
DA:91,2
DA:92,2
DA:93,2
DA:94,2
DA:95,2
DA:96,2
DA:97,2
DA:98,2
DA:99,2
LF:59
LH:59
end_of_record
SF:lib/data/models/tv_series_detail_model.dart
DA:38,10
DA:73,20
DA:74,10
DA:75,10
DA:77,40
DA:78,10
DA:79,50
DA:80,10
DA:81,10
DA:82,10
DA:83,40
DA:84,10
DA:100,10
DA:102,50
DA:103,10
DA:104,10
DA:105,40
DA:106,10
DA:107,10
DA:108,10
DA:109,20
DA:110,10
DA:113,50
DA:114,50
DA:115,10
DA:116,10
DA:117,10
DA:118,20
DA:119,10
DA:122,2
DA:123,1
DA:124,1
DA:126,4
DA:127,1
DA:128,5
DA:129,1
DA:130,1
DA:131,1
DA:132,4
DA:133,1
DA:135,1
DA:137,5
DA:138,1
DA:139,1
DA:140,4
DA:141,1
DA:142,1
DA:143,1
DA:144,1
DA:145,1
DA:148,5
DA:149,5
DA:150,1
DA:151,1
DA:152,1
DA:153,1
DA:154,1
DA:157,9
DA:158,9
DA:159,9
DA:160,9
DA:162,9
DA:163,9
DA:164,45
DA:165,9
DA:166,9
DA:167,9
DA:168,9
DA:169,9
DA:171,9
DA:173,45
DA:174,9
DA:175,9
DA:176,9
DA:177,9
DA:178,9
DA:179,9
DA:180,9
DA:181,9
DA:184,45
DA:185,45
DA:186,9
DA:187,9
DA:188,9
DA:189,9
DA:190,9
DA:194,2
DA:195,2
DA:196,2
DA:197,2
DA:199,2
DA:200,2
DA:201,2
DA:202,2
DA:203,2
DA:204,2
DA:205,2
DA:206,2
DA:208,2
DA:210,2
DA:211,2
DA:212,2
DA:213,2
DA:214,2
DA:215,2
DA:216,2
DA:217,2
DA:218,2
DA:221,2
DA:222,2
DA:223,2
DA:224,2
DA:225,2
DA:226,2
DA:227,2
DA:280,10
DA:285,20
DA:286,10
DA:287,10
DA:290,2
DA:291,1
DA:292,1
DA:295,9
DA:296,27
DA:299,2
DA:300,2
DA:301,2
DA:302,2
DA:405,10
DA:412,20
DA:413,10
DA:414,10
DA:415,10
DA:416,10
DA:419,2
DA:420,1
DA:421,1
DA:422,1
DA:423,1
DA:426,9
DA:427,9
DA:428,9
DA:429,9
DA:430,9
DA:431,9
DA:435,2
DA:436,2
DA:437,2
DA:438,2
DA:439,2
DA:440,2
DA:484,10
DA:495,20
DA:496,20
DA:497,10
DA:498,10
DA:499,10
DA:500,10
DA:501,10
DA:502,10
DA:503,20
DA:506,2
DA:508,13
DA:509,1
DA:510,1
DA:511,1
DA:512,1
DA:513,1
DA:514,1
DA:515,1
DA:518,9
DA:519,9
DA:520,9
DA:521,9
DA:522,9
DA:523,9
DA:524,9
DA:525,9
DA:526,9
DA:527,9
DA:531,2
DA:532,2
DA:533,2
DA:534,2
DA:535,2
DA:536,2
DA:537,2
DA:538,2
DA:539,2
DA:540,2
DA:549,10
DA:555,20
DA:556,10
DA:557,10
DA:558,10
DA:561,2
DA:562,1
DA:563,1
DA:564,1
DA:567,9
DA:568,9
DA:569,9
DA:570,9
DA:571,9
DA:575,2
DA:576,2
DA:577,2
DA:578,2
DA:579,2
LF:209
LH:209
end_of_record
SF:lib/data/models/tv_series_model.dart
DA:19,22
DA:35,20
DA:36,20
DA:37,20
DA:38,20
DA:39,20
DA:40,20
DA:41,20
DA:42,20
DA:43,20
DA:44,20
DA:45,20
DA:46,20
DA:47,20
DA:48,20
DA:49,20
DA:53,44
DA:54,22
DA:55,22
DA:56,88
DA:57,22
DA:58,22
DA:59,88
DA:60,22
DA:61,22
DA:62,22
DA:63,44
DA:64,22
DA:65,44
DA:66,22
DA:69,4
DA:70,2
DA:71,2
DA:72,8
DA:73,2
DA:74,2
DA:75,8
DA:76,2
DA:77,2
DA:78,2
DA:79,2
DA:80,2
DA:81,2
DA:82,2
DA:85,3
DA:86,3
DA:87,3
DA:88,3
DA:89,3
DA:90,3
DA:91,3
DA:92,3
DA:93,3
DA:94,3
DA:95,3
DA:96,3
DA:97,3
DA:98,3
DA:99,3
LF:59
LH:59
end_of_record
SF:lib/data/models/tv_series_table.dart
DA:12,3
DA:19,6
DA:20,3
DA:21,3
DA:22,3
DA:23,3
DA:26,4
DA:27,2
DA:28,2
DA:29,2
DA:30,2
DA:33,4
DA:34,2
DA:35,2
DA:36,2
DA:37,2
DA:40,4
DA:41,2
DA:42,2
DA:43,2
DA:44,2
DA:47,2
DA:48,2
DA:56,3
DA:57,15
LF:25
LH:25
end_of_record
SF:lib/domain/entities/tv_series.dart
DA:18,21
DA:85,3
DA:86,3
DA:87,3
DA:88,3
DA:89,3
DA:90,3
DA:91,3
DA:92,3
DA:93,3
DA:94,3
DA:95,3
DA:96,3
DA:97,3
DA:98,3
DA:99,3
LF:16
LH:16
end_of_record
SF:lib/domain/entities/tv_series_detail.dart
DA:37,9
DA:142,2
DA:143,2
DA:144,2
DA:145,2
DA:147,2
DA:148,2
DA:149,2
DA:150,2
DA:151,2
DA:152,2
DA:153,2
DA:154,2
DA:156,2
DA:158,2
DA:159,2
DA:160,2
DA:161,2
DA:162,2
DA:163,2
DA:164,2
DA:165,2
DA:166,2
DA:169,2
DA:170,2
DA:171,2
DA:172,2
DA:173,2
DA:174,2
DA:175,2
DA:224,9
DA:239,2
DA:240,2
DA:241,2
DA:242,2
DA:329,9
DA:350,2
DA:351,2
DA:352,2
DA:353,2
DA:354,2
DA:355,2
DA:395,9
DA:429,2
DA:430,2
DA:431,2
DA:432,2
DA:433,2
DA:434,2
DA:435,2
DA:436,2
DA:437,2
DA:438,2
DA:447,9
DA:465,2
DA:466,2
DA:467,2
DA:468,2
DA:469,2
LF:59
LH:59
end_of_record
SF:lib/data/models/movie_response.dart
DA:7,2
DA:9,4
DA:10,4
DA:11,6
DA:12,6
DA:15,2
DA:16,5
DA:19,1
DA:20,2
LF:9
LH:9
end_of_record
SF:lib/data/models/tv_series_response.dart
DA:7,22
DA:9,44
DA:10,44
DA:11,66
DA:12,66
DA:15,2
DA:16,5
DA:19,2
DA:20,4
LF:9
LH:9
end_of_record
SF:lib/data/models/genre_model.dart
DA:5,2
DA:13,2
DA:14,1
DA:15,1
DA:18,0
DA:19,0
DA:20,0
DA:23,1
DA:24,3
DA:27,1
DA:28,3
LF:11
LH:8
end_of_record
SF:lib/data/repositories/movie_repository_impl.dart
DA:17,1
DA:22,1
DA:25,2
DA:26,5
DA:27,1
DA:28,2
DA:29,1
DA:30,2
DA:34,1
DA:37,2
DA:38,2
DA:39,1
DA:40,2
DA:41,1
DA:42,2
DA:46,1
DA:49,2
DA:50,3
DA:51,1
DA:52,2
DA:53,1
DA:54,2
DA:58,1
DA:61,2
DA:62,5
DA:63,1
DA:64,2
DA:65,1
DA:66,2
DA:70,1
DA:73,2
DA:74,5
DA:75,1
DA:76,2
DA:77,1
DA:78,2
DA:82,1
DA:85,2
DA:86,5
DA:87,1
DA:88,2
DA:89,1
DA:90,2
DA:94,1
DA:98,3
DA:99,1
DA:100,1
DA:101,3
DA:107,1
DA:111,3
DA:112,1
DA:113,1
DA:114,3
DA:118,1
DA:120,2
DA:124,1
DA:126,2
DA:127,5
LF:58
LH:58
end_of_record
SF:lib/data/repositories/tv_series_repository_impl.dart
DA:15,1
DA:20,1
DA:23,2
DA:24,5
DA:25,1
DA:26,2
DA:27,1
DA:28,2
DA:32,1
DA:35,2
DA:36,5
DA:37,1
DA:38,2
DA:39,1
DA:40,2
DA:44,1
DA:47,2
DA:48,5
DA:49,1
DA:50,2
DA:51,1
DA:52,2
DA:56,1
DA:59,2
DA:60,2
DA:61,1
DA:62,2
DA:63,1
DA:64,2
DA:68,1
DA:71,2
DA:72,5
DA:73,1
DA:74,2
DA:75,1
DA:76,2
DA:80,1
DA:83,2
DA:84,5
DA:85,1
DA:86,2
DA:87,1
DA:88,2
DA:92,1
DA:95,2
DA:96,5
DA:97,1
DA:98,3
DA:102,1
DA:104,2
DA:108,1
DA:111,3
DA:112,1
DA:113,1
DA:114,3
DA:118,1
DA:121,3
DA:122,1
DA:123,1
DA:124,3
LF:60
LH:60
end_of_record
SF:lib/domain/usecases/get_top_rated_movies.dart
DA:9,1
DA:11,1
DA:12,2
LF:3
LH:3
end_of_record
SF:lib/domain/usecases/search_tv_series.dart
DA:10,1
DA:12,1
DA:13,2
LF:3
LH:3
end_of_record
SF:lib/domain/usecases/get_watchlist_series_status.dart
DA:6,1
DA:8,1
DA:9,2
LF:3
LH:3
end_of_record
SF:lib/domain/usecases/get_tv_series_detail.dart
DA:10,1
DA:12,1
DA:13,2
LF:3
LH:3
end_of_record
SF:lib/domain/usecases/save_watchlist.dart
DA:9,1
DA:11,1
DA:12,2
LF:3
LH:3
end_of_record
SF:lib/domain/usecases/get_movie_detail.dart
DA:9,1
DA:11,1
DA:12,2
LF:3
LH:3
end_of_record
SF:lib/domain/usecases/save_watchlist_series.dart
DA:9,1
DA:11,1
DA:12,2
LF:3
LH:3
end_of_record
SF:lib/domain/usecases/get_tv_series_recommendations.dart
DA:10,1
DA:12,1
DA:13,2
LF:3
LH:3
end_of_record
SF:lib/domain/usecases/get_movie_recommendations.dart
DA:9,1
DA:11,1
DA:12,2
LF:3
LH:3
end_of_record
SF:lib/domain/usecases/get_watchlist_series.dart
DA:10,1
DA:12,1
DA:13,2
LF:3
LH:3
end_of_record
SF:lib/domain/usecases/remove_series_watchlist.dart
DA:9,1
DA:11,1
DA:12,2
LF:3
LH:3
end_of_record
SF:lib/domain/usecases/get_watchlist_movies.dart
DA:9,1
DA:11,1
DA:12,2
LF:3
LH:3
end_of_record
SF:lib/domain/usecases/get_now_playing_tv_series.dart
DA:9,1
DA:11,1
DA:12,2
LF:3
LH:3
end_of_record
SF:lib/domain/usecases/get_now_playing_movies.dart
DA:9,1
DA:11,1
DA:12,2
LF:3
LH:3
end_of_record
SF:lib/domain/usecases/remove_watchlist.dart
DA:9,1
DA:11,1
DA:12,2
LF:3
LH:3
end_of_record
SF:lib/domain/usecases/get_top_rated_tv_series.dart
DA:9,1
DA:11,1
DA:12,2
LF:3
LH:3
end_of_record
SF:lib/domain/usecases/get_popular_movies.dart
DA:9,1
DA:11,1
DA:12,2
LF:3
LH:3
end_of_record
SF:lib/domain/usecases/get_popular_tv_series.dart
DA:9,1
DA:11,1
DA:12,2
LF:3
LH:3
end_of_record
SF:lib/domain/usecases/search_movies.dart
DA:9,1
DA:11,1
DA:12,2
LF:3
LH:3
end_of_record
SF:lib/domain/usecases/get_watchlist_status.dart
DA:6,1
DA:8,1
DA:9,2
LF:3
LH:3
end_of_record
SF:lib/presentation/widgets/tv_series_card.dart
DA:11,4
DA:13,4
DA:15,4
DA:17,4
DA:18,0
DA:19,0
DA:22,0
DA:25,4
DA:27,4
DA:28,4
DA:29,4
DA:35,4
DA:37,4
DA:38,4
DA:39,8
DA:42,4
DA:44,4
DA:45,4
DA:46,8
DA:54,4
DA:59,4
DA:60,4
DA:61,12
DA:63,8
DA:64,4
DA:66,0
DA:68,8
LF:27
LH:23
end_of_record
SF:lib/common/constants.dart
DA:15,4
DA:16,2
DA:17,27
DA:19,0
DA:21,0
DA:25,0
DA:26,0
DA:27,0
DA:28,0
DA:29,0
LF:10
LH:3
end_of_record
SF:lib/presentation/pages/tv_series_detail_page.dart
DA:15,1
DA:17,1
DA:18,1
DA:22,1
DA:24,1
DA:25,2
DA:26,5
DA:27,5
DA:31,1
DA:33,1
DA:34,1
DA:35,1
DA:36,2
DA:37,0
DA:38,0
DA:40,2
DA:41,1
DA:42,1
DA:43,1
DA:46,1
DA:50,0
DA:63,1
DA:69,1
DA:71,3
DA:72,1
DA:73,1
DA:74,1
DA:75,3
DA:77,2
DA:78,1
DA:80,0
DA:82,1
DA:84,1
DA:85,1
DA:86,1
DA:87,1
DA:89,2
DA:96,1
DA:97,1
DA:98,1
DA:100,1
DA:102,1
DA:104,1
DA:105,1
DA:106,2
DA:107,1
DA:109,1
DA:110,1
DA:111,1
DA:112,3
DA:114,0
DA:117,2
DA:119,1
DA:120,1
DA:121,4
DA:123,1
DA:125,1
DA:126,1
DA:127,1
DA:132,1
DA:134,1
DA:135,3
DA:136,1
DA:140,1
DA:141,3
DA:143,1
DA:144,3
DA:146,1
DA:147,1
DA:148,1
DA:149,3
DA:151,2
DA:157,4
DA:160,1
DA:161,1
DA:163,1
DA:165,1
DA:166,2
DA:168,1
DA:169,1
DA:171,1
DA:173,1
DA:174,1
DA:175,2
DA:176,0
DA:177,0
DA:179,2
DA:180,0
DA:181,2
DA:182,1
DA:184,1
DA:186,1
DA:187,2
DA:188,1
DA:190,1
DA:191,0
DA:192,0
DA:195,0
DA:198,1
DA:199,1
DA:200,1
DA:202,1
DA:203,2
DA:204,2
DA:205,1
DA:207,0
DA:213,2
DA:217,0
DA:225,1
DA:227,1
DA:242,1
DA:244,1
DA:247,1
DA:248,1
DA:249,0
DA:250,0
DA:259,1
DA:261,2
DA:262,3
DA:265,1
DA:269,3
DA:272,1
DA:273,1
DA:274,1
DA:276,1
DA:277,1
DA:279,0
LF:127
LH:111
end_of_record
SF:lib/presentation/provider/tv_series_detail_notifier.dart
DA:22,1
DA:31,2
DA:34,2
DA:37,2
DA:39,1
DA:40,1
DA:41,1
DA:42,2
DA:43,2
DA:44,1
DA:45,1
DA:46,1
DA:47,2
DA:48,1
DA:50,1
DA:51,1
DA:52,1
DA:53,1
DA:54,1
DA:55,1
DA:56,1
DA:57,2
DA:59,1
DA:60,1
DA:61,1
DA:64,1
DA:65,1
DA:71,2
DA:74,2
DA:77,2
DA:80,2
DA:82,1
DA:83,2
DA:84,1
DA:85,1
DA:88,1
DA:89,2
DA:91,1
DA:92,1
DA:93,2
DA:95,1
DA:96,1
DA:100,2
DA:103,1
DA:104,2
DA:106,1
DA:107,0
DA:108,0
DA:110,1
DA:111,1
DA:115,2
LF:51
LH:49
end_of_record
SF:lib/presentation/provider/movie_detail_notifier.dart
DA:22,1
DA:31,2
DA:34,2
DA:37,2
DA:40,2
DA:43,2
DA:46,2
DA:48,1
DA:49,1
DA:50,1
DA:51,2
DA:52,2
DA:53,1
DA:54,1
DA:55,1
DA:56,2
DA:57,1
DA:59,1
DA:60,1
DA:61,1
DA:62,1
DA:63,1
DA:64,1
DA:65,1
DA:66,2
DA:68,1
DA:69,1
DA:70,1
DA:73,1
DA:74,1
DA:80,2
DA:82,1
DA:83,2
DA:85,1
DA:86,1
DA:87,2
DA:89,1
DA:90,1
DA:94,2
DA:97,1
DA:98,2
DA:100,1
DA:101,0
DA:102,0
DA:104,1
DA:105,1
DA:109,2
DA:112,1
DA:113,2
DA:114,1
DA:115,1
LF:51
LH:49
end_of_record
SF:lib/presentation/pages/movie_detail_page.dart
DA:16,1
DA:18,1
DA:19,1
DA:23,1
DA:25,1
DA:26,2
DA:27,2
DA:28,3
DA:29,2
DA:30,3
DA:34,1
DA:36,1
DA:37,1
DA:38,1
DA:39,2
DA:40,0
DA:41,0
DA:43,2
DA:44,1
DA:45,1
DA:46,1
DA:48,1
DA:49,1
DA:53,0
DA:66,1
DA:68,1
DA:70,3
DA:71,1
DA:72,1
DA:73,1
DA:74,3
DA:76,2
DA:77,1
DA:79,0
DA:81,1
DA:83,1
DA:84,1
DA:85,1
DA:86,1
DA:88,2
DA:95,1
DA:96,1
DA:97,1
DA:99,1
DA:101,1
DA:103,1
DA:104,1
DA:105,2
DA:106,1
DA:108,1
DA:109,1
DA:110,1
DA:111,1
DA:114,2
DA:116,0
DA:119,0
DA:123,1
DA:125,1
DA:127,1
DA:130,1
DA:133,2
DA:134,2
DA:136,1
DA:138,1
DA:139,1
DA:140,1
DA:145,1
DA:147,1
DA:148,1
DA:149,1
DA:150,1
DA:151,1
DA:155,1
DA:156,3
DA:158,1
DA:159,3
DA:161,1
DA:162,1
DA:163,1
DA:164,3
DA:166,2
DA:172,4
DA:175,1
DA:176,1
DA:178,1
DA:180,1
DA:181,2
DA:183,1
DA:184,1
DA:186,1
DA:188,1
DA:189,1
DA:190,2
DA:192,0
DA:193,0
DA:195,2
DA:197,0
DA:198,2
DA:200,1
DA:202,1
DA:204,1
DA:205,2
DA:206,1
DA:208,1
DA:209,0
DA:210,0
DA:213,0
DA:216,1
DA:217,1
DA:218,1
DA:220,1
DA:222,2
DA:223,1
DA:224,1
DA:226,1
DA:229,0
DA:230,0
DA:236,2
DA:240,0
DA:248,1
DA:250,1
DA:265,1
DA:267,1
DA:270,1
DA:271,1
DA:272,0
DA:273,0
DA:282,1
DA:284,2
DA:285,3
DA:288,1
DA:292,3
DA:295,1
DA:296,1
DA:297,1
DA:299,1
DA:300,1
DA:302,0
LF:138
LH:120
end_of_record
SF:lib/presentation/widgets/movie_card_list.dart
DA:10,3
DA:12,3
DA:14,3
DA:16,3
DA:17,0
DA:18,0
DA:21,0
DA:24,3
DA:26,3
DA:27,3
DA:28,3
DA:34,3
DA:36,3
DA:37,3
DA:38,6
DA:41,3
DA:43,3
DA:44,3
DA:45,6
DA:53,3
DA:58,3
DA:59,3
DA:60,9
DA:62,6
DA:63,3
DA:65,0
DA:67,6
LF:27
LH:23
end_of_record
SF:lib/presentation/provider/watchlist_movie_notifier.dart
DA:8,2
DA:11,2
DA:14,2
DA:16,1
DA:20,1
DA:21,1
DA:22,1
DA:24,2
DA:25,1
DA:26,1
DA:27,1
DA:28,2
DA:29,1
DA:31,1
DA:32,1
DA:33,1
DA:34,1
LF:17
LH:17
end_of_record
SF:lib/presentation/provider/top_rated_tv_series_notifier.dart
DA:9,1
DA:12,2
DA:15,2
DA:18,2
DA:20,1
DA:21,1
DA:22,1
DA:24,2
DA:26,1
DA:27,1
DA:28,2
DA:29,1
DA:30,1
DA:32,1
DA:33,1
DA:34,1
DA:35,1
LF:17
LH:17
end_of_record
SF:lib/presentation/provider/popular_movies_notifier.dart
DA:9,1
DA:12,2
DA:15,2
DA:18,2
DA:20,1
DA:21,1
DA:22,1
DA:24,2
DA:26,1
DA:27,1
DA:28,2
DA:29,1
DA:30,1
DA:32,1
DA:33,1
DA:34,1
DA:35,1
LF:17
LH:17
end_of_record
SF:lib/presentation/provider/airing_tv_series_notifier.dart
DA:10,1
DA:13,2
DA:16,2
DA:19,2
DA:21,1
DA:22,1
DA:23,1
DA:25,2
DA:27,1
DA:28,1
DA:29,2
DA:30,1
DA:31,1
DA:33,1
DA:34,1
DA:35,1
DA:36,1
LF:17
LH:17
end_of_record
SF:lib/presentation/provider/movie_list_notifier.dart
DA:10,2
DA:13,2
DA:16,2
DA:19,2
DA:22,2
DA:25,2
DA:28,2
DA:30,1
DA:40,1
DA:41,1
DA:42,1
DA:44,2
DA:45,1
DA:46,1
DA:47,1
DA:48,2
DA:49,1
DA:51,1
DA:52,1
DA:53,1
DA:54,1
DA:59,1
DA:60,1
DA:61,1
DA:63,2
DA:64,1
DA:65,1
DA:66,1
DA:67,2
DA:68,1
DA:70,1
DA:71,1
DA:72,1
DA:73,1
DA:78,1
DA:79,1
DA:80,1
DA:82,2
DA:83,1
DA:84,1
DA:85,1
DA:86,2
DA:87,1
DA:89,1
DA:90,1
DA:91,1
DA:92,1
LF:47
LH:47
end_of_record
SF:lib/presentation/provider/tv_series_list_notifier.dart
DA:11,2
DA:14,2
DA:17,2
DA:20,2
DA:23,2
DA:26,2
DA:29,2
DA:31,1
DA:41,1
DA:42,1
DA:43,1
DA:45,2
DA:46,1
DA:47,1
DA:48,1
DA:49,2
DA:50,1
DA:52,1
DA:53,1
DA:54,1
DA:55,1
DA:60,1
DA:61,1
DA:62,1
DA:64,2
DA:65,1
DA:66,1
DA:67,1
DA:68,2
DA:69,1
DA:71,1
DA:72,1
DA:73,1
DA:74,1
DA:79,1
DA:80,1
DA:81,1
DA:83,2
DA:84,1
DA:85,1
DA:86,1
DA:87,2
DA:88,1
DA:90,1
DA:91,1
DA:92,1
DA:93,1
LF:47
LH:47
end_of_record
SF:lib/presentation/provider/tv_series_search_notifier.dart
DA:9,1
DA:12,2
DA:15,2
DA:18,2
DA:20,1
DA:21,1
DA:22,1
DA:24,2
DA:25,1
DA:26,1
DA:27,2
DA:28,1
DA:29,1
DA:31,1
DA:32,1
DA:33,1
DA:34,1
LF:17
LH:17
end_of_record
SF:lib/presentation/provider/movie_search_notifier.dart
DA:9,1
DA:12,2
DA:15,2
DA:18,2
DA:20,1
DA:21,1
DA:22,1
DA:24,2
DA:25,1
DA:26,1
DA:27,2
DA:28,1
DA:29,1
DA:31,1
DA:32,1
DA:33,1
DA:34,1
LF:17
LH:17
end_of_record
SF:lib/presentation/provider/top_rated_movies_notifier.dart
DA:9,1
DA:12,2
DA:15,2
DA:18,2
DA:20,1
DA:21,1
DA:22,1
DA:24,2
DA:26,1
DA:27,1
DA:28,2
DA:29,1
DA:30,1
DA:32,1
DA:33,1
DA:34,1
DA:35,1
LF:17
LH:17
end_of_record
SF:lib/presentation/provider/popular_tv_series_notifier.dart
DA:10,1
DA:13,2
DA:16,2
DA:19,2
DA:21,1
DA:22,1
DA:23,1
DA:25,2
DA:27,1
DA:28,1
DA:29,2
DA:30,1
DA:31,1
DA:33,1
DA:34,1
DA:35,1
DA:36,1
LF:17
LH:17
end_of_record
SF:lib/presentation/provider/watchlist_series_notifier.dart
DA:8,2
DA:11,2
DA:14,2
DA:16,1
DA:20,1
DA:21,1
DA:22,1
DA:24,2
DA:25,1
DA:26,1
DA:27,1
DA:28,2
DA:29,1
DA:31,1
DA:32,1
DA:33,1
DA:34,1
LF:17
LH:17
end_of_record
SF:lib/presentation/pages/top_rated_movies_page.dart
DA:10,1
DA:11,1
DA:15,1
DA:17,1
DA:18,2
DA:19,2
DA:20,1
DA:23,1
DA:25,1
DA:26,1
DA:27,1
DA:29,1
DA:31,1
DA:32,1
DA:33,2
DA:34,1
DA:35,1
DA:37,2
DA:38,1
DA:39,1
DA:40,2
DA:41,1
DA:43,2
DA:46,1
DA:47,1
DA:48,2
LF:26
LH:26
end_of_record
SF:lib/presentation/pages/tv_series_popular_page.dart
DA:11,1
DA:12,1
DA:16,1
DA:18,1
DA:19,5
DA:22,1
DA:24,1
DA:25,1
DA:26,1
DA:28,1
DA:30,1
DA:31,1
DA:32,2
DA:33,1
DA:34,1
DA:36,2
DA:37,1
DA:38,1
DA:39,2
DA:40,1
DA:42,2
DA:45,1
DA:46,1
DA:47,2
LF:24
LH:24
end_of_record
SF:lib/presentation/pages/about_page.dart
DA:7,1
DA:9,1
DA:10,1
DA:11,1
DA:12,1
DA:13,1
DA:14,1
DA:15,1
DA:17,1
DA:18,1
DA:25,1
DA:26,1
DA:29,1
DA:31,1
DA:38,1
DA:39,1
DA:40,0
DA:41,1
LF:18
LH:17
end_of_record
SF:lib/presentation/pages/tv_series_airing_page.dart
DA:10,1
DA:11,1
DA:15,1
DA:17,1
DA:18,5
DA:21,1
DA:23,1
DA:24,1
DA:25,1
DA:27,1
DA:29,1
DA:30,1
DA:31,2
DA:32,1
DA:33,1
DA:35,2
DA:36,1
DA:37,1
DA:38,2
DA:39,1
DA:41,2
DA:44,1
DA:45,1
DA:46,2
LF:24
LH:24
end_of_record
SF:lib/presentation/pages/tv_series_top_rated_page.dart
DA:10,1
DA:11,1
DA:15,1
DA:17,1
DA:18,5
DA:21,1
DA:23,1
DA:24,1
DA:25,1
DA:27,1
DA:29,1
DA:30,1
DA:31,2
DA:32,1
DA:33,1
DA:35,2
DA:36,1
DA:37,1
DA:38,2
DA:39,1
DA:41,2
DA:44,1
DA:45,1
DA:46,2
LF:24
LH:24
end_of_record
SF:lib/presentation/pages/popular_movies_page.dart
DA:10,1
DA:11,1
DA:15,1
DA:17,1
DA:18,2
DA:19,2
DA:20,1
DA:23,1
DA:25,1
DA:26,1
DA:27,1
DA:29,1
DA:31,1
DA:32,1
DA:33,2
DA:34,1
DA:35,1
DA:37,2
DA:38,1
DA:39,1
DA:40,2
DA:41,1
DA:43,2
DA:46,1
DA:47,1
DA:48,2
LF:26
LH:26
end_of_record
